# JRE version: OpenJDK Runtime Environment (11.0.2+9) (build 11.0.2+9)
# Java VM: OpenJDK 64-Bit Server VM (11.0.2+9, mixed mode, tiered, compressed oops, parallel gc, windows-amd64)
Heap:
 PSYoungGen      total 23040K, used 7906K [0x00000000eab00000, 0x00000000ec980000, 0x0000000100000000)
  eden space 21504K, 29% used [0x00000000eab00000,0x00000000eb13abb8,0x00000000ec000000)
  from space 1536K, 99% used [0x00000000ec480000,0x00000000ec5fdfa8,0x00000000ec600000)
  to   space 4608K, 0% used [0x00000000ec000000,0x00000000ec000000,0x00000000ec480000)
 ParOldGen       total 68608K, used 35090K [0x00000000c0000000, 0x00000000c4300000, 0x00000000eab00000)
  object space 68608K, 51% used [0x00000000c0000000,0x00000000c2244b30,0x00000000c4300000)
 Metaspace       used 45007K, capacity 47462K, committed 47616K, reserved 1091584K
  class space    used 4620K, capacity 5365K, committed 5376K, reserved 1048576K
GC Heap History (10 events):
Event: 25.273 GC heap before
{Heap before GC invocations=15 (full 2):
 PSYoungGen      total 24576K, used 24256K [0x00000000eab00000, 0x00000000ec600000, 0x0000000100000000)
  eden space 22016K, 100% used [0x00000000eab00000,0x00000000ec080000,0x00000000ec080000)
  from space 2560K, 87% used [0x00000000ec380000,0x00000000ec5b0010,0x00000000ec600000)
  to   space 2560K, 0% used [0x00000000ec100000,0x00000000ec100000,0x00000000ec380000)
 ParOldGen       total 68608K, used 23746K [0x00000000c0000000, 0x00000000c4300000, 0x00000000eab00000)
  object space 68608K, 34% used [0x00000000c0000000,0x00000000c1730aa8,0x00000000c4300000)
 Metaspace       used 43283K, capacity 45541K, committed 45696K, reserved 1089536K
  class space    used 4487K, capacity 5242K, committed 5248K, reserved 1048576K
}
Event: 25.312 GC heap after
{Heap after GC invocations=15 (full 2):
 PSYoungGen      total 24576K, used 2144K [0x00000000eab00000, 0x00000000ec580000, 0x0000000100000000)
  eden space 22016K, 0% used [0x00000000eab00000,0x00000000eab00000,0x00000000ec080000)
  from space 2560K, 83% used [0x00000000ec100000,0x00000000ec318010,0x00000000ec380000)
  to   space 2048K, 0% used [0x00000000ec380000,0x00000000ec380000,0x00000000ec580000)
 ParOldGen       total 68608K, used 25928K [0x00000000c0000000, 0x00000000c4300000, 0x00000000eab00000)
  object space 68608K, 37% used [0x00000000c0000000,0x00000000c19522b8,0x00000000c4300000)
 Metaspace       used 43283K, capacity 45541K, committed 45696K, reserved 1089536K
  class space    used 4487K, capacity 5242K, committed 5248K, reserved 1048576K
}
Event: 25.449 GC heap before
{Heap before GC invocations=16 (full 2):
 PSYoungGen      total 24576K, used 24160K [0x00000000eab00000, 0x00000000ec580000, 0x0000000100000000)
  eden space 22016K, 100% used [0x00000000eab00000,0x00000000ec080000,0x00000000ec080000)
  from space 2560K, 83% used [0x00000000ec100000,0x00000000ec318010,0x00000000ec380000)
  to   space 2048K, 0% used [0x00000000ec380000,0x00000000ec380000,0x00000000ec580000)
 ParOldGen       total 68608K, used 25928K [0x00000000c0000000, 0x00000000c4300000, 0x00000000eab00000)
  object space 68608K, 37% used [0x00000000c0000000,0x00000000c19522b8,0x00000000c4300000)
 Metaspace       used 43283K, capacity 45541K, committed 45696K, reserved 1089536K
  class space    used 4487K, capacity 5242K, committed 5248K, reserved 1048576K
}
Event: 25.505 GC heap after
{Heap after GC invocations=16 (full 2):
 PSYoungGen      total 24064K, used 1952K [0x00000000eab00000, 0x00000000ec580000, 0x0000000100000000)
  eden space 22016K, 0% used [0x00000000eab00000,0x00000000eab00000,0x00000000ec080000)
  from space 2048K, 95% used [0x00000000ec380000,0x00000000ec568000,0x00000000ec580000)
  to   space 2048K, 0% used [0x00000000ec180000,0x00000000ec180000,0x00000000ec380000)
 ParOldGen       total 68608K, used 28056K [0x00000000c0000000, 0x00000000c4300000, 0x00000000eab00000)
  object space 68608K, 40% used [0x00000000c0000000,0x00000000c1b662c8,0x00000000c4300000)
 Metaspace       used 43283K, capacity 45541K, committed 45696K, reserved 1089536K
  class space    used 4487K, capacity 5242K, committed 5248K, reserved 1048576K
}
Event: 25.826 GC heap before
{Heap before GC invocations=17 (full 2):
 PSYoungGen      total 24064K, used 23968K [0x00000000eab00000, 0x00000000ec580000, 0x0000000100000000)
  eden space 22016K, 100% used [0x00000000eab00000,0x00000000ec080000,0x00000000ec080000)
  from space 2048K, 95% used [0x00000000ec380000,0x00000000ec568000,0x00000000ec580000)
  to   space 2048K, 0% used [0x00000000ec180000,0x00000000ec180000,0x00000000ec380000)
 ParOldGen       total 68608K, used 28056K [0x00000000c0000000, 0x00000000c4300000, 0x00000000eab00000)
  object space 68608K, 40% used [0x00000000c0000000,0x00000000c1b662c8,0x00000000c4300000)
 Metaspace       used 43531K, capacity 45810K, committed 45952K, reserved 1089536K
  class space    used 4506K, capacity 5246K, committed 5248K, reserved 1048576K
}
Event: 25.832 GC heap after
{Heap after GC invocations=17 (full 2):
 PSYoungGen      total 24064K, used 2048K [0x00000000eab00000, 0x00000000eca80000, 0x0000000100000000)
  eden space 22016K, 0% used [0x00000000eab00000,0x00000000eab00000,0x00000000ec080000)
  from space 2048K, 100% used [0x00000000ec180000,0x00000000ec380000,0x00000000ec380000)
  to   space 5120K, 0% used [0x00000000ec580000,0x00000000ec580000,0x00000000eca80000)
 ParOldGen       total 68608K, used 30387K [0x00000000c0000000, 0x00000000c4300000, 0x00000000eab00000)
  object space 68608K, 44% used [0x00000000c0000000,0x00000000c1dacea0,0x00000000c4300000)
 Metaspace       used 43531K, capacity 45810K, committed 45952K, reserved 1089536K
  class space    used 4506K, capacity 5246K, committed 5248K, reserved 1048576K
}
Event: 27.610 GC heap before
{Heap before GC invocations=18 (full 2):
 PSYoungGen      total 24064K, used 24064K [0x00000000eab00000, 0x00000000eca80000, 0x0000000100000000)
  eden space 22016K, 100% used [0x00000000eab00000,0x00000000ec080000,0x00000000ec080000)
  from space 2048K, 100% used [0x00000000ec180000,0x00000000ec380000,0x00000000ec380000)
  to   space 5120K, 0% used [0x00000000ec580000,0x00000000ec580000,0x00000000eca80000)
 ParOldGen       total 68608K, used 30387K [0x00000000c0000000, 0x00000000c4300000, 0x00000000eab00000)
  object space 68608K, 44% used [0x00000000c0000000,0x00000000c1dacea0,0x00000000c4300000)
 Metaspace       used 44149K, capacity 46418K, committed 46592K, reserved 1091584K
  class space    used 4544K, capacity 5278K, committed 5376K, reserved 1048576K
}
Event: 27.622 GC heap after
{Heap after GC invocations=18 (full 2):
 PSYoungGen      total 22528K, used 433K [0x00000000eab00000, 0x00000000ec600000, 0x0000000100000000)
  eden space 22016K, 0% used [0x00000000eab00000,0x00000000eab00000,0x00000000ec080000)
  from space 512K, 84% used [0x00000000ec580000,0x00000000ec5ec728,0x00000000ec600000)
  to   space 2048K, 0% used [0x00000000ec200000,0x00000000ec200000,0x00000000ec400000)
 ParOldGen       total 68608K, used 32451K [0x00000000c0000000, 0x00000000c4300000, 0x00000000eab00000)
  object space 68608K, 47% used [0x00000000c0000000,0x00000000c1fb0ea0,0x00000000c4300000)
 Metaspace       used 44149K, capacity 46418K, committed 46592K, reserved 1091584K
  class space    used 4544K, capacity 5278K, committed 5376K, reserved 1048576K
}
Event: 30.432 GC heap before
{Heap before GC invocations=19 (full 2):
 PSYoungGen      total 22528K, used 22449K [0x00000000eab00000, 0x00000000ec600000, 0x0000000100000000)
  eden space 22016K, 100% used [0x00000000eab00000,0x00000000ec080000,0x00000000ec080000)
  from space 512K, 84% used [0x00000000ec580000,0x00000000ec5ec728,0x00000000ec600000)
  to   space 2048K, 0% used [0x00000000ec200000,0x00000000ec200000,0x00000000ec400000)
 ParOldGen       total 68608K, used 32451K [0x00000000c0000000, 0x00000000c4300000, 0x00000000eab00000)
  object space 68608K, 47% used [0x00000000c0000000,0x00000000c1fb0ea0,0x00000000c4300000)
 Metaspace       used 44225K, capacity 46518K, committed 46592K, reserved 1091584K
  class space    used 4546K, capacity 5311K, committed 5376K, reserved 1048576K
}
Event: 30.437 GC heap after
{Heap after GC invocations=19 (full 2):
 PSYoungGen      total 24064K, used 1316K [0x00000000eab00000, 0x00000000ec600000, 0x0000000100000000)
  eden space 22016K, 0% used [0x00000000eab00000,0x00000000eab00000,0x00000000ec080000)
  from space 2048K, 64% used [0x00000000ec200000,0x00000000ec349230,0x00000000ec400000)
  to   space 1536K, 0% used [0x00000000ec480000,0x00000000ec480000,0x00000000ec600000)
 ParOldGen       total 68608K, used 32796K [0x00000000c0000000, 0x00000000c4300000, 0x00000000eab00000)
  object space 68608K, 47% used [0x00000000c0000000,0x00000000c2007038,0x00000000c4300000)
 Metaspace       used 44225K, capacity 46518K, committed 46592K, reserved 1091584K
  class space    used 4546K, capacity 5311K, committed 5376K, reserved 1048576K
}

