# JRE version: OpenJDK Runtime Environment (11.0.2+9) (build 11.0.2+9)
# Java VM: OpenJDK 64-Bit Server VM (11.0.2+9, mixed mode, tiered, compressed oops, parallel gc, windows-amd64)
Heap:
 PSYoungGen      total 23552K, used 15992K [0x00000000eab00000, 0x00000000ec600000, 0x0000000100000000)
  eden space 21504K, 66% used [0x00000000eab00000,0x00000000eb8ee190,0x00000000ec000000)
  from space 2048K, 84% used [0x00000000ec000000,0x00000000ec1b0000,0x00000000ec200000)
  to   space 3072K, 0% used [0x00000000ec300000,0x00000000ec300000,0x00000000ec600000)
 ParOldGen       total 68608K, used 28150K [0x00000000c0000000, 0x00000000c4300000, 0x00000000eab00000)
  object space 68608K, 41% used [0x00000000c0000000,0x00000000c1b7dbe8,0x00000000c4300000)
 Metaspace       used 42987K, capacity 45169K, committed 45400K, reserved 1089536K
  class space    used 4418K, capacity 5166K, committed 5248K, reserved 1048576K
GC Heap History (10 events):
Event: 17.493 GC heap before
{Heap before GC invocations=13 (full 2):
 PSYoungGen      total 26624K, used 26599K [0x00000000eab00000, 0x00000000ed000000, 0x0000000100000000)
  eden space 23552K, 100% used [0x00000000eab00000,0x00000000ec200000,0x00000000ec200000)
  from space 3072K, 99% used [0x00000000ec980000,0x00000000ecc79d78,0x00000000ecc80000)
  to   space 7168K, 0% used [0x00000000ec200000,0x00000000ec200000,0x00000000ec900000)
 ParOldGen       total 68608K, used 16550K [0x00000000c0000000, 0x00000000c4300000, 0x00000000eab00000)
  object space 68608K, 24% used [0x00000000c0000000,0x00000000c10299c8,0x00000000c4300000)
 Metaspace       used 40702K, capacity 42962K, committed 43096K, reserved 1087488K
  class space    used 4146K, capacity 4903K, committed 4992K, reserved 1048576K
}
Event: 17.500 GC heap after
{Heap after GC invocations=13 (full 2):
 PSYoungGen      total 25600K, used 2080K [0x00000000eab00000, 0x00000000eca00000, 0x0000000100000000)
  eden space 23040K, 0% used [0x00000000eab00000,0x00000000eab00000,0x00000000ec180000)
  from space 2560K, 81% used [0x00000000ec200000,0x00000000ec408010,0x00000000ec480000)
  to   space 4096K, 0% used [0x00000000ec600000,0x00000000ec600000,0x00000000eca00000)
 ParOldGen       total 68608K, used 19558K [0x00000000c0000000, 0x00000000c4300000, 0x00000000eab00000)
  object space 68608K, 28% used [0x00000000c0000000,0x00000000c1319ae0,0x00000000c4300000)
 Metaspace       used 40702K, capacity 42962K, committed 43096K, reserved 1087488K
  class space    used 4146K, capacity 4903K, committed 4992K, reserved 1048576K
}
Event: 17.853 GC heap before
{Heap before GC invocations=14 (full 2):
 PSYoungGen      total 25600K, used 25120K [0x00000000eab00000, 0x00000000eca00000, 0x0000000100000000)
  eden space 23040K, 100% used [0x00000000eab00000,0x00000000ec180000,0x00000000ec180000)
  from space 2560K, 81% used [0x00000000ec200000,0x00000000ec408010,0x00000000ec480000)
  to   space 4096K, 0% used [0x00000000ec600000,0x00000000ec600000,0x00000000eca00000)
 ParOldGen       total 68608K, used 19558K [0x00000000c0000000, 0x00000000c4300000, 0x00000000eab00000)
  object space 68608K, 28% used [0x00000000c0000000,0x00000000c1319b30,0x00000000c4300000)
 Metaspace       used 41469K, capacity 43742K, committed 43992K, reserved 1087488K
  class space    used 4248K, capacity 5033K, committed 5120K, reserved 1048576K
}
Event: 17.861 GC heap after
{Heap after GC invocations=14 (full 2):
 PSYoungGen      total 25600K, used 2432K [0x00000000eab00000, 0x00000000ec880000, 0x0000000100000000)
  eden space 23040K, 0% used [0x00000000eab00000,0x00000000eab00000,0x00000000ec180000)
  from space 2560K, 95% used [0x00000000ec600000,0x00000000ec860010,0x00000000ec880000)
  to   space 3072K, 0% used [0x00000000ec280000,0x00000000ec280000,0x00000000ec580000)
 ParOldGen       total 68608K, used 21609K [0x00000000c0000000, 0x00000000c4300000, 0x00000000eab00000)
  object space 68608K, 31% used [0x00000000c0000000,0x00000000c151a658,0x00000000c4300000)
 Metaspace       used 41469K, capacity 43742K, committed 43992K, reserved 1087488K
  class space    used 4248K, capacity 5033K, committed 5120K, reserved 1048576K
}
Event: 18.031 GC heap before
{Heap before GC invocations=15 (full 2):
 PSYoungGen      total 25600K, used 25472K [0x00000000eab00000, 0x00000000ec880000, 0x0000000100000000)
  eden space 23040K, 100% used [0x00000000eab00000,0x00000000ec180000,0x00000000ec180000)
  from space 2560K, 95% used [0x00000000ec600000,0x00000000ec860010,0x00000000ec880000)
  to   space 3072K, 0% used [0x00000000ec280000,0x00000000ec280000,0x00000000ec580000)
 ParOldGen       total 68608K, used 21612K [0x00000000c0000000, 0x00000000c4300000, 0x00000000eab00000)
  object space 68608K, 31% used [0x00000000c0000000,0x00000000c151b130,0x00000000c4300000)
 Metaspace       used 41764K, capacity 44030K, committed 44248K, reserved 1089536K
  class space    used 4289K, capacity 5065K, committed 5120K, reserved 1048576K
}
Event: 18.113 GC heap after
{Heap after GC invocations=15 (full 2):
 PSYoungGen      total 24576K, used 1952K [0x00000000eab00000, 0x00000000ec680000, 0x0000000100000000)
  eden space 22528K, 0% used [0x00000000eab00000,0x00000000eab00000,0x00000000ec100000)
  from space 2048K, 95% used [0x00000000ec280000,0x00000000ec468000,0x00000000ec480000)
  to   space 2048K, 0% used [0x00000000ec480000,0x00000000ec480000,0x00000000ec680000)
 ParOldGen       total 68608K, used 23962K [0x00000000c0000000, 0x00000000c4300000, 0x00000000eab00000)
  object space 68608K, 34% used [0x00000000c0000000,0x00000000c1766b38,0x00000000c4300000)
 Metaspace       used 41764K, capacity 44030K, committed 44248K, reserved 1089536K
  class space    used 4289K, capacity 5065K, committed 5120K, reserved 1048576K
}
Event: 18.415 GC heap before
{Heap before GC invocations=16 (full 2):
 PSYoungGen      total 24576K, used 24480K [0x00000000eab00000, 0x00000000ec680000, 0x0000000100000000)
  eden space 22528K, 100% used [0x00000000eab00000,0x00000000ec100000,0x00000000ec100000)
  from space 2048K, 95% used [0x00000000ec280000,0x00000000ec468000,0x00000000ec480000)
  to   space 2048K, 0% used [0x00000000ec480000,0x00000000ec480000,0x00000000ec680000)
 ParOldGen       total 68608K, used 23962K [0x00000000c0000000, 0x00000000c4300000, 0x00000000eab00000)
  object space 68608K, 34% used [0x00000000c0000000,0x00000000c1766b38,0x00000000c4300000)
 Metaspace       used 41985K, capacity 44196K, committed 44248K, reserved 1089536K
  class space    used 4318K, capacity 5098K, committed 5120K, reserved 1048576K
}
Event: 18.453 GC heap after
{Heap after GC invocations=16 (full 2):
 PSYoungGen      total 23552K, used 2016K [0x00000000eab00000, 0x00000000ec980000, 0x0000000100000000)
  eden space 21504K, 0% used [0x00000000eab00000,0x00000000eab00000,0x00000000ec000000)
  from space 2048K, 98% used [0x00000000ec480000,0x00000000ec678010,0x00000000ec680000)
  to   space 4608K, 0% used [0x00000000ec000000,0x00000000ec000000,0x00000000ec480000)
 ParOldGen       total 68608K, used 26132K [0x00000000c0000000, 0x00000000c4300000, 0x00000000eab00000)
  object space 68608K, 38% used [0x00000000c0000000,0x00000000c1985348,0x00000000c4300000)
 Metaspace       used 41985K, capacity 44196K, committed 44248K, reserved 1089536K
  class space    used 4318K, capacity 5098K, committed 5120K, reserved 1048576K
}
Event: 18.584 GC heap before
{Heap before GC invocations=17 (full 2):
 PSYoungGen      total 23552K, used 23520K [0x00000000eab00000, 0x00000000ec980000, 0x0000000100000000)
  eden space 21504K, 100% used [0x00000000eab00000,0x00000000ec000000,0x00000000ec000000)
  from space 2048K, 98% used [0x00000000ec480000,0x00000000ec678010,0x00000000ec680000)
  to   space 4608K, 0% used [0x00000000ec000000,0x00000000ec000000,0x00000000ec480000)
 ParOldGen       total 68608K, used 26132K [0x00000000c0000000, 0x00000000c4300000, 0x00000000eab00000)
  object space 68608K, 38% used [0x00000000c0000000,0x00000000c1985348,0x00000000c4300000)
 Metaspace       used 42392K, capacity 44644K, committed 44888K, reserved 1089536K
  class space    used 4373K, capacity 5162K, committed 5248K, reserved 1048576K
}
Event: 18.627 GC heap after
{Heap after GC invocations=17 (full 2):
 PSYoungGen      total 23552K, used 1728K [0x00000000eab00000, 0x00000000ec600000, 0x0000000100000000)
  eden space 21504K, 0% used [0x00000000eab00000,0x00000000eab00000,0x00000000ec000000)
  from space 2048K, 84% used [0x00000000ec000000,0x00000000ec1b0000,0x00000000ec200000)
  to   space 3072K, 0% used [0x00000000ec300000,0x00000000ec300000,0x00000000ec600000)
 ParOldGen       total 68608K, used 28150K [0x00000000c0000000, 0x00000000c4300000, 0x00000000eab00000)
  object space 68608K, 41% used [0x00000000c0000000,0x00000000c1b7dbe8,0x00000000c4300000)
 Metaspace       used 42392K, capacity 44644K, committed 44888K, reserved 1089536K
  class space    used 4373K, capacity 5162K, committed 5248K, reserved 1048576K
}

